生成启动时间为 2016/5/5 16:45:17。
     1>项目“E:\Projects_VS2010\smart\smart\smart.vcxproj”在节点 2 上(build 个目标)。
     1>InitializeBuildStatus:
         正在对“Debug\smart.unsuccessfulbuild”执行 Touch 任务。
       ClCompile:
         所有输出均为最新。
       ResourceCompile:
         所有输出均为最新。
       ManifestResourceCompile:
         所有输出均为最新。
       Link:
         G:\VisualStudio2010\VC\bin\link.exe /ERRORREPORT:PROMPT /OUT:"E:\Projects_VS2010\smart\Debug\smart.exe" /INCREMENTAL /NOLOGO /LIBPATH:D:\OpenCv_2.4\opencv\build\x86\vc10\lib opencv_imgproc2411d.lib opencv_calib3d2411d.lib opencv_contrib2411d.lib opencv_core2411d.lib opencv_features2d2411d.lib opencv_flann2411d.lib opencv_gpu2411d.lib opencv_highgui2411d.lib opencv_legacy2411d.lib opencv_ml2411d.lib opencv_nonfree2411d.lib opencv_objdetect2411d.lib opencv_ocl2411d.lib opencv_photo2411d.lib opencv_stitching2411d.lib opencv_superres2411d.lib opencv_ts2411d.lib opencv_video2411d.lib opencv_videostab2411d.lib kernel32.lib user32.lib gdi32.lib winspool.lib comdlg32.lib advapi32.lib shell32.lib ole32.lib oleaut32.lib uuid.lib odbc32.lib odbccp32.lib /MANIFEST /ManifestFile:"Debug\smart.exe.intermediate.manifest" /MANIFESTUAC:"level='asInvoker' uiAccess='false'" /DEBUG /PDB:"E:\Projects_VS2010\smart\Debug\smart.pdb" /SUBSYSTEM:CONSOLE /TLBID:1 /DYNAMICBASE /NXCOMPAT /IMPLIB:"E:\Projects_VS2010\smart\Debug\smart.lib" /MACHINE:X86 Debug\smart.res
         Debug\smart.exe.embed.manifest.res
         Debug\main.obj
         Debug\preproccess.obj
         Debug\SEGD.obj
       Manifest:
         C:\Program Files (x86)\Microsoft SDKs\Windows\v7.0A\bin\mt.exe /nologo /verbose /out:"Debug\smart.exe.embed.manifest" /manifest Debug\smart.exe.intermediate.manifest
         所有输出均为最新。
       LinkEmbedManifest:
         所有输出均为最新。
         smart.vcxproj -> E:\Projects_VS2010\smart\Debug\smart.exe
       FinalizeBuildStatus:
         正在删除文件“Debug\smart.unsuccessfulbuild”。
         正在对“Debug\smart.lastbuildstate”执行 Touch 任务。
     1>已完成生成项目“E:\Projects_VS2010\smart\smart\smart.vcxproj”(build 个目标)的操作。

生成成功。

已用时间 00:00:01.42
