E:\PROJECTS_VS2010\SMART\DEBUG\SMART.EXE
E:\PROJECTS_VS2010\SMART\DEBUG\SMART.ILK
E:\PROJECTS_VS2010\SMART\DEBUG\SMART.PDB
E:\Projects_VS2010\smart\smart\Debug\cl.command.1.tlog
E:\Projects_VS2010\smart\smart\Debug\CL.read.1.tlog
E:\Projects_VS2010\smart\smart\Debug\CL.write.1.tlog
E:\Projects_VS2010\smart\smart\Debug\link.10084.read.1.tlog
E:\Projects_VS2010\smart\smart\Debug\link.10084.write.1.tlog
E:\Projects_VS2010\smart\smart\Debug\link.10084-cvtres.read.1.tlog
E:\Projects_VS2010\smart\smart\Debug\link.10084-cvtres.write.1.tlog
E:\Projects_VS2010\smart\smart\Debug\link.command.1.tlog
E:\Projects_VS2010\smart\smart\Debug\link.read.1.tlog
E:\Projects_VS2010\smart\smart\Debug\link.write.1.tlog
E:\Projects_VS2010\smart\smart\Debug\link-cvtres.read.1.tlog
E:\Projects_VS2010\smart\smart\Debug\link-cvtres.write.1.tlog
E:\PROJECTS_VS2010\SMART\SMART\DEBUG\MAIN.OBJ
E:\Projects_VS2010\smart\smart\Debug\mt.command.1.tlog
E:\Projects_VS2010\smart\smart\Debug\mt.read.1.tlog
E:\Projects_VS2010\smart\smart\Debug\mt.write.1.tlog
E:\PROJECTS_VS2010\SMART\SMART\DEBUG\PREPROCCESS.OBJ
E:\Projects_VS2010\smart\smart\Debug\rc.command.1.tlog
E:\Projects_VS2010\smart\smart\Debug\rc.read.1.tlog
E:\Projects_VS2010\smart\smart\Debug\rc.write.1.tlog
E:\PROJECTS_VS2010\SMART\SMART\DEBUG\SEGD.OBJ
E:\PROJECTS_VS2010\SMART\SMART\DEBUG\SMART.EXE.EMBED.MANIFEST
E:\PROJECTS_VS2010\SMART\SMART\DEBUG\SMART.EXE.EMBED.MANIFEST.RES
E:\PROJECTS_VS2010\SMART\SMART\DEBUG\SMART.EXE.INTERMEDIATE.MANIFEST
E:\PROJECTS_VS2010\SMART\SMART\DEBUG\SMART.RES
E:\Projects_VS2010\smart\smart\Debug\smart.write.1.tlog
E:\Projects_VS2010\smart\smart\Debug\smart_manifest.rc
E:\PROJECTS_VS2010\SMART\SMART\DEBUG\THREADMETHOD.OBJ
E:\Projects_VS2010\smart\smart\Debug\vc100.idb
E:\PROJECTS_VS2010\SMART\SMART\DEBUG\VC100.PDB
